2025-07-31 16:20:28,154 - INFO - Downloading sample arXiv PDFs...
2025-07-31 16:20:28,163 - INFO - Downloading 2301.07041...
2025-07-31 16:20:28,434 - INFO - Downloaded: 2301.07041.pdf
2025-07-31 16:20:28,434 - INFO - Downloading 1706.03762...
2025-07-31 16:20:28,535 - INFO - Downloaded: 1706.03762.pdf
2025-07-31 16:20:28,535 - INFO - Downloading 2005.14165...
2025-07-31 16:20:28,761 - INFO - Downloaded: 2005.14165.pdf
2025-07-31 16:20:28,762 - INFO - Sample PDFs downloaded successfully
2025-07-31 16:20:28,846 - INFO - Tesseract OCR is available
2025-07-31 16:20:28,846 - INFO - Found 3 PDF files to process
2025-07-31 16:20:28,846 - INFO - Processing: 2301.07041.pdf
2025-07-31 16:20:31,094 - INFO - Processing page 1/18
2025-07-31 16:20:33,899 - INFO - Processing page 2/18
2025-07-31 16:20:35,918 - INFO - Processing page 3/18
2025-07-31 16:20:38,077 - INFO - Processing page 4/18
2025-07-31 16:20:40,473 - INFO - Processing page 5/18
2025-07-31 16:20:42,813 - INFO - Processing page 6/18
2025-07-31 16:20:45,137 - INFO - Processing page 7/18
2025-07-31 16:20:47,737 - INFO - Processing page 8/18
2025-07-31 16:20:49,721 - INFO - Processing page 9/18
2025-07-31 16:20:51,727 - INFO - Processing page 10/18
2025-07-31 16:20:53,803 - INFO - Processing page 11/18
2025-07-31 16:20:55,946 - INFO - Processing page 12/18
2025-07-31 16:20:58,580 - INFO - Processing page 13/18
2025-07-31 16:21:00,790 - INFO - Processing page 14/18
2025-07-31 16:21:03,260 - INFO - Processing page 15/18
2025-07-31 16:21:05,627 - INFO - Processing page 16/18
2025-07-31 16:21:07,293 - INFO - Processing page 17/18
2025-07-31 16:21:09,139 - INFO - Processing page 18/18
2025-07-31 16:21:10,786 - INFO - Successfully processed 2301.07041.pdf -> 2301.07041.txt
2025-07-31 16:21:10,805 - INFO - Processing: 2005.14165.pdf
2025-07-31 16:21:15,083 - INFO - Processing page 1/75
2025-07-31 16:21:16,170 - INFO - Processing page 2/75
2025-07-31 16:21:17,078 - INFO - Processing page 3/75
2025-07-31 16:21:18,621 - INFO - Processing page 4/75
2025-07-31 16:21:20,108 - INFO - Processing page 5/75
2025-07-31 16:21:21,619 - INFO - Processing page 6/75
2025-07-31 16:21:23,458 - INFO - Processing page 7/75
2025-07-31 16:21:24,623 - INFO - Processing page 8/75
2025-07-31 16:21:26,186 - INFO - Processing page 9/75
2025-07-31 16:21:27,346 - INFO - Processing page 10/75
2025-07-31 16:21:29,036 - INFO - Processing page 11/75
2025-07-31 16:21:30,054 - INFO - Processing page 12/75
2025-07-31 16:21:31,089 - INFO - Processing page 13/75
2025-07-31 16:21:32,615 - INFO - Processing page 14/75
2025-07-31 16:21:34,025 - INFO - Processing page 15/75
2025-07-31 16:21:34,840 - INFO - Processing page 16/75
2025-07-31 16:21:35,994 - INFO - Processing page 17/75
2025-07-31 16:21:37,138 - INFO - Processing page 18/75
2025-07-31 16:21:38,689 - INFO - Processing page 19/75
2025-07-31 16:21:39,332 - INFO - Processing page 20/75
2025-07-31 16:21:40,849 - INFO - Processing page 21/75
2025-07-31 16:21:42,184 - INFO - Processing page 22/75
2025-07-31 16:21:43,494 - INFO - Processing page 23/75
2025-07-31 16:21:44,910 - INFO - Processing page 24/75
2025-07-31 16:21:46,238 - INFO - Processing page 25/75
2025-07-31 16:21:47,584 - INFO - Processing page 26/75
2025-07-31 16:21:49,248 - INFO - Processing page 27/75
2025-07-31 16:21:49,896 - INFO - Processing page 28/75
2025-07-31 16:21:51,525 - INFO - Processing page 29/75
2025-07-31 16:21:53,091 - INFO - Processing page 30/75
2025-07-31 16:21:54,345 - INFO - Processing page 31/75
2025-07-31 16:21:55,899 - INFO - Processing page 32/75
2025-07-31 16:21:57,453 - INFO - Processing page 33/75
2025-07-31 16:21:59,407 - INFO - Processing page 34/75
2025-07-31 16:22:01,148 - INFO - Processing page 35/75
2025-07-31 16:22:02,820 - INFO - Processing page 36/75
2025-07-31 16:22:04,692 - INFO - Processing page 37/75
2025-07-31 16:22:06,038 - INFO - Processing page 38/75
2025-07-31 16:22:07,060 - INFO - Processing page 39/75
2025-07-31 16:22:08,925 - INFO - Processing page 40/75
2025-07-31 16:22:10,730 - INFO - Processing page 41/75
2025-07-31 16:22:11,434 - INFO - Processing page 42/75
2025-07-31 16:22:12,627 - INFO - Processing page 43/75
2025-07-31 16:22:14,183 - INFO - Processing page 44/75
2025-07-31 16:22:15,637 - INFO - Processing page 45/75
2025-07-31 16:22:17,083 - INFO - Processing page 46/75
2025-07-31 16:22:18,589 - INFO - Processing page 47/75
2025-07-31 16:22:19,675 - INFO - Processing page 48/75
2025-07-31 16:22:20,534 - INFO - Processing page 49/75
2025-07-31 16:22:22,126 - INFO - Processing page 50/75
2025-07-31 16:22:23,352 - INFO - Processing page 51/75
2025-07-31 16:22:24,513 - INFO - Processing page 52/75
2025-07-31 16:22:25,919 - INFO - Processing page 53/75
2025-07-31 16:22:27,033 - INFO - Processing page 54/75
2025-07-31 16:22:28,582 - INFO - Processing page 55/75
2025-07-31 16:22:29,663 - INFO - Processing page 56/75
2025-07-31 16:22:30,544 - INFO - Processing page 57/75
2025-07-31 16:22:31,809 - INFO - Processing page 58/75
2025-07-31 16:22:32,999 - INFO - Processing page 59/75
2025-07-31 16:22:33,981 - INFO - Processing page 60/75
2025-07-31 16:22:35,037 - INFO - Processing page 61/75
2025-07-31 16:22:35,819 - INFO - Processing page 62/75
2025-07-31 16:22:36,134 - INFO - Processing page 63/75
2025-07-31 16:22:39,367 - INFO - Processing page 64/75
2025-07-31 16:22:41,364 - INFO - Processing page 65/75
2025-07-31 16:22:43,040 - INFO - Processing page 66/75
2025-07-31 16:22:44,974 - INFO - Processing page 67/75
2025-07-31 16:22:47,440 - INFO - Processing page 68/75
2025-07-31 16:22:48,821 - INFO - Processing page 69/75
2025-07-31 16:22:50,233 - INFO - Processing page 70/75
2025-07-31 16:22:51,675 - INFO - Processing page 71/75
2025-07-31 16:22:53,105 - INFO - Processing page 72/75
2025-07-31 16:22:54,578 - INFO - Processing page 73/75
2025-07-31 16:22:56,024 - INFO - Processing page 74/75
2025-07-31 16:22:57,514 - INFO - Processing page 75/75
2025-07-31 16:22:57,770 - INFO - Successfully processed 2005.14165.pdf -> 2005.14165.txt
2025-07-31 16:22:57,856 - INFO - Processing: 1706.03762.pdf
2025-07-31 16:22:59,596 - INFO - Processing page 1/15
2025-07-31 16:23:00,793 - INFO - Processing page 2/15
2025-07-31 16:23:02,296 - INFO - Processing page 3/15
2025-07-31 16:23:03,189 - INFO - Processing page 4/15
2025-07-31 16:23:04,171 - INFO - Processing page 5/15
2025-07-31 16:23:05,368 - INFO - Processing page 6/15
2025-07-31 16:23:06,632 - INFO - Processing page 7/15
2025-07-31 16:23:07,866 - INFO - Processing page 8/15
2025-07-31 16:23:09,130 - INFO - Processing page 9/15
2025-07-31 16:23:10,249 - INFO - Processing page 10/15
2025-07-31 16:23:11,417 - INFO - Processing page 11/15
2025-07-31 16:23:12,694 - INFO - Processing page 12/15
2025-07-31 16:23:13,934 - INFO - Processing page 13/15
2025-07-31 16:23:14,556 - INFO - Processing page 14/15
2025-07-31 16:23:15,397 - INFO - Processing page 15/15
2025-07-31 16:23:16,502 - INFO - Successfully processed 1706.03762.pdf -> 1706.03762.txt
2025-07-31 16:23:16,517 - INFO - ============================================================
2025-07-31 16:23:16,517 - INFO - 处理结果统计:
2025-07-31 16:23:16,517 - INFO - 总文件数: 3
2025-07-31 16:23:16,517 - INFO - 成功处理: 3
2025-07-31 16:23:16,517 - INFO - 处理失败: 0
2025-07-31 16:23:16,517 - INFO - 文本文件已保存到: pdf_ocr/
